n/1627955305466.jpg
n/1627955305465.jpg
n/1627955305464.jpg
n/1627955305463.jpg
n/1627955305462.jpg
n/1627955305461.jpg
n/unnamed.jpg
n/TWHI-Store-PhotosFeb20-scaled.jpg
n/top-10-home-interiors-2018-residential-dezeen_sq-6-852x852.jpg
n/top-10-home-interiors-2018-residential-dezeen_sq-2-852x852.jpg
n/top-10-home-interiors-2018-residential-dezeen_slide-10-852x4.jpg
n/tiny-house-interiors-feat.jpg
n/The-Cloisters-06-highres-sRGB-1080x721.jpg
n/the_orchards_house_by_tigerman_mccurry.jpg
n/Sutton-House-Interiors-2-house-13apr17-Andreas-von-Einsiedel.jpg
n/summer-house-interior-design-ideas-berlin-1.jpg
n/study.jpg
n/slideshow_3.jpg
n/Shabby-chic-house-bedroom-design-inside.jpg
n/Screen-Shot-2019-05-01-at-11-25-29-AM.png
n/rustic-interior-design-bedroom.jpg
n/Rosina-living-room-2.jpg
n/priors-crescent-living-room-haus-interiors-show-home-1602462.jpg
n/NJ-and-NYC-Interior-Design-House-of-Funk-e1599159341915.jpg
n/modern-neutral-living-room-4.jpg
n/modernist-decor-inspiration-07.jpg
n/modernist-decor-inspiration-01.jpg
n/Modern-House-Interiors-DTM-Interiors-01-1-Kindesign.jpg
n/modern-house-interior-design-1280x720.jpg
n/Modern_House_Interior_Design_In_Miami_by_DKOR_Interiors_on_w.jpg
n/maxresdefault.jpg
n/Luxurious-interior-design-living-room-and-fireplace-in-a-bea.jpeg
n/living-room-with-beautiful-stone-fireplace.jpg
n/LivingRoomDesignBlueCouch2.jpg
n/Lake-LR-1a.jpg
n/Janine_Stone_Luxury_Interior_Design.jpg
n/interior-design-ideas-Benjamin-Moore-exterior-siding-paint-c.jpg
n/interior-3001598_960_720.jpg
n/1627955305365.jpeg
n/1627955305364.jpeg
n/1627955305363.jpeg
n/1627955305362.jpeg
n/1627955305361.jpeg
n/1627955305360.jpeg
n/1627955305359.jpeg
n/1627955305358.jpeg
n/1627955305356.jpeg
n/1627955305355.jpeg
n/1627955305354.jpeg
n/1627955305353.jpeg
n/1627955305352.jpeg
n/1627955305351.jpeg
n/1627955305350.jpeg
n/1627955305349.jpeg
n/1627955305348.jpeg
n/1627955305347.jpeg
n/1627955305461.jpeg
n/1627955305460.jpeg
n/1627955305459.jpeg
n/1627955305458.jpeg
n/1627955305457.jpeg
n/1627955305456.jpeg
n/1627955305455.jpeg
n/1627955305454.jpeg
n/1627955305453.jpeg
n/1627955305452.jpeg
n/1627955305450.jpeg
n/1627955305449.jpeg
n/1627955305448.jpeg
n/1627955305447.jpeg
n/1627955305446.jpeg
n/1627955305445.jpeg
n/1627955305444.jpeg
n/1627955305443.jpeg
n/1627955305442.jpeg
n/1627955305441.jpeg
n/1627955305439.jpeg
n/1627955305438.jpeg
n/1627955305437.jpeg
n/1627955305436.jpeg
n/1627955305435.jpeg
n/1627955305434.jpeg
n/1627955305433.jpeg
n/1627955305432.jpeg
n/1627955305431.jpeg
n/1627955305430.jpeg
n/1627955305428.jpeg
n/1627955305427.jpeg
n/1627955305426.jpeg
n/1627955305425.jpeg
n/1627955305424.jpeg
n/1627955305423.jpeg
n/1627955305422.jpeg
n/1627955305421.jpeg
n/1627955305420.jpeg
n/1627955305419.jpeg
n/1627955305417.jpeg
n/1627955305416.jpeg
n/1627955305415.jpeg
n/1627955305414.jpeg
n/1627955305413.jpeg
n/1627955305412.jpeg
n/1627955305411.jpeg
n/1627955305410.jpeg
n/1627955305409.jpeg
n/1627955305408.jpeg
n/1627955305406.jpeg
n/1627955305405.jpeg
n/1627955305404.jpeg
n/1627955305403.jpeg
n/1627955305402.jpeg
n/1627955305401.jpeg
n/1627955305400.jpeg
n/1627955305399.jpeg
n/1627955305398.jpeg
n/1627955305397.jpeg
n/1627955305395.jpeg
n/1627955305394.jpeg
n/1627955305393.jpeg
n/1627955305392.jpeg
n/1627955305391.jpeg
n/1627955305390.jpeg
n/1627955305389.jpeg
n/1627955305388.jpeg
n/1627955305387.jpeg
n/1627955305386.jpeg
n/1627955305384.jpeg
n/1627955305383.jpeg
n/1627955305382.jpeg
n/1627955305381.jpeg
n/1627955305380.jpeg
n/1627955305379.jpeg
n/1627955305378.jpeg
n/1627955305377.jpeg
n/1627955305376.jpeg
n/1627955305375.jpeg
n/1627955305373.jpeg
n/1627955305372.jpeg
n/1627955305371.jpeg
n/1627955305370.jpeg
n/1627955305369.jpeg
n/1627955305368.jpeg
n/1627955305367.jpeg
n/1627955305366.jpeg
n/1627955305357.jpeg
n/1627955305346.jpeg
n/1627955305451.jpeg
n/1627955305440.jpeg
n/1627955305429.jpeg
n/1627955305418.jpeg
n/1627955305407.jpeg
n/1627955305396.jpeg
n/1627955305385.jpeg
n/1627955305374.jpeg
n/1627955305345.jpeg
n/1627955305339.jpeg
n/1627955305337.jpeg
n/1627955305336.jpeg
n/1627955305335.jpeg
n/1627955305334.jpeg
n/1627955305333.jpeg
n/1627955305332.jpeg
n/1627955305331.jpeg
n/1627955305330.jpeg
n/1627955305329.jpeg
n/1627955305328.jpeg
n/1627955305326.jpeg
n/1627955305325.jpeg
n/1627955305324.jpeg
n/1627955305323.jpeg
n/1627955305322.jpeg
n/1627955305321.jpeg
n/1627955305320.jpeg
n/1627955305319.jpeg
n/1627955305318.jpeg
n/1627955305317.jpeg
n/1627955305315.jpeg
n/1627955305314.jpeg
n/1627955305313.jpeg
n/1627955305312.jpeg
n/1627955305311.jpeg
n/1627955305310.jpeg
n/1627955305309.jpeg
n/1627955305308.jpeg
n/1627955305307.jpeg
n/1627955305306.jpeg
n/1627955305344.jpeg
n/1627955305343.jpeg
n/1627955305342.jpeg
n/1627955305341.jpeg
n/1627955305340.jpeg
n/1627955305338.jpeg
n/1627955305327.jpeg
n/1627955305316.jpeg
n/1627955305305.jpeg
n/iiCKRpPwNMb2na7KaSWDjG-768-80.jpg
n/Ideal-home_living-room.jpg
n/home-interiors-residential-2020-dezeen-roundups_dezeen_hero-.jpg
n/home-interiors-residential-2020-dezeen-roundups_dezeen_1704_.jpg
n/home-interiors.jpg
n/home-01.jpg
n/hill-house-interiors-11.jpg
n/Hero_home_mobile2-768x549.jpg
n/hbz-pinterst-beach-decor-14.jpg
n/hb-fawn-galli-art-books-1559855593.jpg
n/Greatroom-1-rework---Copy3.jpg
n/foyer-interior-design-first-impression.jpg
n/edc030120netto-010-1592405172.jpg
n/Eclectic-house-interior-design-ideas.jpg
n/Earthy-Tone-Decorating-Earthy-Home-Interiors-Earthy-Home-Tou.jpg
n/duplex-home-interior-design-in-india.jpg
n/desktop_searchbox_sprites318_hr.png
n/design-styles-feature.jpg
n/designhouseinteriors_15.jpg
n/dam-images-decor-2015-03-kara-ross-kara-ross-stephen-ross-ma.jpg
n/contemporary-front-page-copy-1024x1024.jpg
n/Coastal-house-interior-design.jpg
n/cloisters-home-1-4.jpg
n/Classic-Lake-House-Interior-Classic-Lake-House-Interiors-Cla.jpg
n/chippendale.jpg
n/Check-out-these-duplex-interior-design-ideas-FB-1200x700-com.jpg
n/budge-over-dover-house-interiors-sydney-ysg-studio-australia.jpg
n/Brad-Ford-Cast-Iron-featured.jpg
n/black-and-white-living-room.jpg
n/bjarke-ingels-group-BIG-vancouver-house-interiors-canada-des.jpg
n/Beaumont-Fletcher.jpg
n/Beach-House-Design-Brandon-Architects-04-1-Kindesign.jpg
n/beach-house.jpg
n/aupiais-01.jpg
n/amazing-2-house-interior-design.jpg
n/A-Luxury-House-in-Alderley-Edge-by-Grey-Rose-Interiors-01.jpg
n/ahirsch.jpg
n/1405413131585.jpeg
n/155108.jpg
n/2020-interior-design-trends-feature.jpg
n/911rf8qo34L.jpg
n/779e9aca80eda56505acb5ce66e5229f.jpg
n/0716-jamie-mccourt-malibu-home-1.jpg
n/91DC1OC8CbS.jpg
n/079-1.jpg
n/069a.jpg
n/25-beach-house-interior-design-ideas-homebnc.jpg
n/012.jpg
n/9b03a91b55f5408980862881d9255102.jpg
n/8ae6c2ad235f080c2483e63a0bc8130e.jpg
n/006.jpg
n/3b33d2291d9ff567f8114351ab6e36a9.jpg
n/1d248013344543-56272b7170c11.jpg
n/1.jpg
n/z69UshAjBGNUh7Bxb5RDN3.jpg
n/wp7824759.jpg
n/white-rental-house-background_23-2147773547.jpg
n/white-living-room-sofa-summer-260nw-1936817662.jpg
n/wallpapersden-com_kame-house-dragon-ball-z_3032x1706.jpg
n/vector-cartoon-interior-cozy-modern-260nw-1052424815.jpg
n/vector-a-simple-house-background.jpg
n/1627954400648.png
n/1627954400648.jpg
n/1627954400647.jpg
n/1627954400646.jpg
n/trunk-house-1.jpg
n/Trap-House-Background.png
n/thumb-350-436350.jpg
n/the-kitchen-and-living-room-of-a-small-house-background_1200.jpg
n/suburban-house-with-trees-and-city-background-vector-2093133.jpg
n/suburban-house-countryside_107791-6151.jpg
n/small-house-garden-blurred-background-260nw-273977312.jpg
n/small-country-cartoon-house-background-free-vector.jpg
n/simple-village-house-background-vector.jpg
n/simple-house-design-background-vector-23692475.jpg
n/pngtree-indoor-home-png-image_2214303.jpg
n/photo-1613545325278-f24b0cae1224.jpeg
n/photo-1512515042719-143e0afbef8d.jpeg
n/photo-1493809842364-78817add7ffb.jpeg
n/photo-1480074568708-e7b720bb3f09.jpeg
n/photo-1557434440-27ba0f1654e8.jpeg
n/photo-1554995207-c18c203602cb.jpeg
n/pexels-photo-1974596.jpeg
n/pexels-photo-878873.jpeg
n/modern-simple-suburban-house-exterior-260nw-1910040586.jpg
n/millennial-couple-smiling-selfie-house-background-vector-251.jpg
n/1627954400645.jpg
n/living-room-connected-with-kitchen-in-background-contemporar.jpg
n/istockphoto-1201481982-1024x1024.jpg
n/istockphoto-912673626-1024x1024.jpg
n/istockphoto-831360678-1024x1024.jpg
n/istockphoto-468993368-1024x1024.jpg
n/INT_BEACH_HOUSE_DUSK_NIGHT.png
n/inside-the-front-entrance-and-living-area-of-a-house-backgro.jpg
n/Inside-House-background-in-dark-scaled.jpg
n/Indoor-House-background-with-Door-.jpg
n/1627954400641.jpeg
n/1627954400640.jpeg
n/1627954400638.jpeg
n/1627954400637.jpeg
n/1627954400636.jpeg
n/1627954400635.jpeg
n/1627954400634.jpeg
n/1627954400633.jpeg
n/1627954400632.jpeg
n/1627954400631.jpeg
n/1627954400630.jpeg
n/1627954400629.jpeg
n/1627954400627.jpeg
n/1627954400626.jpeg
n/1627954400625.jpeg
n/1627954400624.jpeg
n/1627954400623.jpeg
n/1627954400622.jpeg
n/1627954400621.jpeg
n/1627954400620.jpeg
n/1627954400619.jpeg
n/1627954400618.jpeg
n/1627954400616.jpeg
n/1627954400615.jpeg
n/1627954400614.jpeg
n/1627954400613.jpeg
n/1627954400612.jpeg
n/1627954400611.jpeg
n/1627954400610.jpeg
n/1627954400609.jpeg
n/1627954400608.jpeg
n/1627954400607.jpeg
n/1627954400605.jpeg
n/1627954400604.jpeg
n/1627954400603.jpeg
n/1627954400602.jpeg
n/1627954400601.jpeg
n/1627954400600.jpeg
n/1627954400599.jpeg
n/1627954400598.jpeg
n/1627954400597.jpeg
n/1627954400596.jpeg
n/1627954400645.jpeg
n/1627954400644.jpeg
n/1627954400643.jpeg
n/1627954400642.jpeg
n/1627954400639.jpeg
n/1627954400628.jpeg
n/1627954400617.jpeg
n/1627954400606.jpeg
n/1627954400595.jpeg
n/images.jpeg
n/1627954400587.jpeg
n/1627954400586.jpeg
n/1627954400585.jpeg
n/1627954400584.jpeg
n/1627954400583.jpeg
n/1627954400582.jpeg
n/1627954400581.jpeg
n/1627954400580.jpeg
n/1627954400579.jpeg
n/1627954400578.jpeg
n/1627954400576.jpeg
n/1627954400575.jpeg
n/1627954400574.jpeg
n/1627954400573.jpeg
n/1627954400572.jpeg
n/1627954400571.jpeg
n/1627954400570.jpeg
n/1627954400569.jpeg
n/1627954400568.jpeg
n/1627954400567.jpeg
n/1627954400594.jpeg
n/1627954400593.jpeg
n/1627954400592.jpeg
n/1627954400591.jpeg
n/1627954400590.jpeg
n/1627954400589.jpeg
n/1627954400588.jpeg
n/1627954400577.jpeg
n/1627954400566.jpeg
n/image.jpeg
n/house-png-house-background-115629632530zqkhfeuc6.png
n/house-game-background-asset-you-can-use-your-application-pro.jpg
n/house-background-vector-745068.jpg
n/house-background-design_1308-93.jpg
n/house-background_015635614_148.jpg
n/house-background.jpg
n/house-7-782559.jpg
n/HD-Trap-House1-min.jpg
n/hand-using-smart-phone-over-blur-house-background-banner-hom.jpg
n/front-house-background.jpg
n/f0c78244f383cf4ea53640a606ed7310.jpg
n/entrance-hall-wood-paneled-walls-260nw-494762887.jpg
n/empty-interior-260nw-106943168.jpg
n/d-visualization-cottage-light-shade-trees-there-flowers-gree.jpg
n/df8bd2194b8b194e1b8309de6c9ff613.jpg
n/depositphotos_257407052-stock-photo-abandoned-old-house-back.jpg
n/depositphotos_122111800-stock-photo-wood-table-top-as-house.jpg
n/cctv-security-system-blur-house-background-design-your-safet.jpg
n/cartoon-house-vector-background_mk1LMG_SB_PM.jpg
n/cartoon-house-vector-background_m13Hff_SB_PM.jpg
n/brett-stebbins-hishe-it-panel-g-03-2048w.jpg
n/blur-background-interior-design-minimalist-260nw-644714770.jpg
n/big-house-11530959670p76spisrve.png
n/Beautiful-house-photos.jpg
n/abstract-blur-livingroom-decoration-interior-260nw-376301875.jpg
n/abstract-blur-exteriors-house-background-vintage-effect-filt.jpg
n/abstract-blur-curtain-interior-decoration-260nw-600053702.jpg
n/abandoned-house-background_1200x1200.jpg
n/A5O2LG.jpg
n/336142906082201.jpg
n/1603126000-625-5192-the-simpsons-house-background.jpg
n/94679578-view-of-the-background-of-a-living-room-of-a-nice-h.jpg
n/86516766.jpg
n/53315141-blur-house-background.jpg
n/9378358-illustration-of-front-view-of-house-in-natural-backg.jpg
n/9140344bc7b371015f6214279e91df5e.jpg
n/4361569.jpg
n/1731002.jpg
n/1404008.jpg
n/925396_japanese-house-wallpaper_1440x900_h.jpg
n/429766-abandoned-old-house-748x498.jpg
n/374969.jpg
n/347637.jpg
n/344348.jpg
n/5259-jpg_wh860.jpg
n/800px_COLOURBOX3429872.jpg
n/89-893183_house-background-living-room.jpg
n/78-787681_inside-house-background-hd.jpg
n/71sBgkFCpLL-_AC_SX355_.jpg
n/63-630352_unique-background-design-awesome-background-house-.jpg
n/51jBc6TsZ0L-_SR600-315_PIWhiteStrip-BottomLeft-0-35_SCLZZZZZ.jpg
n/49-494695_interior-house-background.jpg
n/48d8e18a2c8a344a91ba95cf6f51f1bd.jpg
n/8dedcec0b90aede0e6dfe58f4ee223a8.jpg
n/4f88d72a8aba321aba8b671a80263683.jpg
n/3-semi-demolished-house-background-cartoon.jpg
n/3d-rendering-blank-sign-with-house-background-JRK3GK.jpg
n/yuri-melentev-1ijizwm-fg4.jpg