p/290.png 1 0 0 2856 2800
p/289.png 1 0 0 2918 2670
p/288.png 1 0 0 2896 2732
p/287.png 1 0 0 2784 2866
p/286.png 1 0 0 1440 2560
p/285.png 1 0 0 2920 2326
p/284.png 1 0 0 2936 2578
p/283.png 1 0 0 2920 2326
p/282.png 1 0 0 2196 2890
p/281.png 1 0 0 2578 2936
p/280.png 1 0 0 2804 1942
p/279.png 1 0 0 2262 2908
p/278.png 1 0 0 2388 2930
p/277.png 1 0 0 2938 2502
p/276.png 1 0 0 1904 2788
p/275.png 1 0 0 2676 1658
p/274.png 1 0 0 1486 2586
p/273.png 1 0 0 2938 2528
p/272.png 1 0 0 2784 2866
p/271.png 1 0 0 2126 2870
p/270.png 1 0 0 2804 1942
p/269.png 1 0 0 2750 2888
p/268.png 1 0 0 2446 2936
p/267.png 1 0 0 2804 1942
p/266.png 1 0 0 2936 2578
p/265.png 1 0 0 2912 2692
p/264.png 1 0 0 2858 2090
p/263.png 1 0 0 2920 2326
p/262.png 1 0 0 2610 1530
p/261.png 1 0 0 2938 2474
p/260.png 1 0 0 2692 2912
p/259.png 1 0 0 2924 2648
p/258.png 1 0 0 2602 2932
p/257.png 1 0 0 2904 2712
p/256.png 1 0 0 2936 2446
p/255.png 1 0 0 2018 2834
p/254.png 1 0 0 1574 2632
p/253.png 1 0 0 2632 1574
p/252.png 1 0 0 2676 1658
p/251.png 1 0 0 2358 2926
p/250.png 1 0 0 2938 2474
p/249.png 1 0 0 2502 2938
p/248.png 1 0 0 1980 2820
p/247.png 1 0 0 2938 2474
p/246.png 1 0 0 2932 2602
p/245.png 1 0 0 1784 2736
p/244.png 1 0 0 2890 2196
p/243.png 1 0 0 2938 2474
p/242.png 1 0 0 2936 2446
p/241.png 1 0 0 2784 2866
p/240.png 1 0 0 2936 2446
p/239.png 1 0 0 2866 2784
p/238.png 1 0 0 1658 2676
p/237.png 1 0 0 2880 2162
p/236.png 1 0 0 2936 2578
p/235.png 1 0 0 1784 2736
p/234.png 1 0 0 2196 2890
p/233.png 1 0 0 2938 2502
p/232.png 1 0 0 2904 2712
p/231.png 1 0 0 2698 1700
p/230.png 1 0 0 2602 2932
p/229.png 1 0 0 2602 2932
p/228.png 1 0 0 2578 2936
p/227.png 1 0 0 1784 2736
p/226.png 1 0 0 2938 2554
p/225.png 1 0 0 2162 2880
p/224.png 1 0 0 2712 2904
p/223.png 1 0 0 2126 2870
p/222.png 1 0 0 2358 2926
p/221.png 1 0 0 2938 2502
p/220.png 1 0 0 2934 2418
p/219.png 1 0 0 2446 2936
p/218.png 1 0 0 2896 2732
p/217.png 1 0 0 2502 2938
p/216.png 1 0 0 2054 2846
p/215.png 1 0 0 2904 2712
p/214.png 1 0 0 1864 2772
p/213.png 1 0 0 1864 2772
p/212.png 1 0 0 2712 2904
p/211.png 1 0 0 2772 1864
p/210.png 1 0 0 2196 2890
p/209.png 1 0 0 2870 2126
p/208.png 1 0 0 2912 2692
p/207.png 1 0 0 2846 2054
p/206.png 1 0 0 2090 2858
p/205.png 1 0 0 2578 2936
p/204.png 1 0 0 2904 2712
p/203.png 1 0 0 1864 2772
p/202.png 1 0 0 1904 2788
p/201.png 1 0 0 1904 2788
p/200.png 1 0 0 2326 2920
p/199.png 1 0 0 2888 2750
p/198.png 1 0 0 2754 1824
p/197.png 1 0 0 2800 2856
p/196.png 1 0 0 2900 2230
p/195.png 1 0 0 2676 1658
p/194.png 1 0 0 2936 2578
p/193.png 1 0 0 2578 2936
p/192.png 1 0 0 2856 2800
p/191.png 1 0 0 2800 2856
p/190.png 1 0 0 2904 2712
p/189.png 1 0 0 2936 2578
p/188.png 1 0 0 2930 2388
p/187.png 1 0 0 2784 2866
p/186.png 1 0 0 2474 2938
p/185.png 1 0 0 1864 2772
p/184.png 1 0 0 2928 2626
p/183.png 1 0 0 2732 2896
p/182.png 1 0 0 2162 2880
p/181.png 1 0 0 1700 2698
p/180.png 1 0 0 2816 2842
p/179.png 1 0 0 2830 2830
p/178.png 1 0 0 2446 2936
p/177.png 1 0 0 2932 2602
p/176.png 1 0 0 2602 2932
p/175.png 1 0 0 1658 2676
p/174.png 1 0 0 2632 1574
p/173.png 1 0 0 1824 2754
p/172.png 1 0 0 2162 2880
p/171.png 1 0 0 2920 2326
p/170.png 1 0 0 2754 1824
p/169.png 1 0 0 2054 2846
p/168.png 1 0 0 2938 2528
p/167.png 1 0 0 2554 2938
p/166.png 1 0 0 2446 2936
p/165.png 1 0 0 2896 2732
p/164.png 1 0 0 2692 2912
p/163.png 1 0 0 2712 2904
p/162.png 1 0 0 2388 2930
p/161.png 1 0 0 2784 2866
p/160.png 1 0 0 2932 2602
p/159.png 1 0 0 2890 2196
p/158.png 1 0 0 1742 2718
p/157.png 1 0 0 2578 2936
p/156.png 1 0 0 2834 2018
p/155.png 1 0 0 2888 2750
p/154.png 1 0 0 1980 2820
p/153.png 1 0 0 2908 2262
p/152.png 1 0 0 2718 1742
p/151.png 1 0 0 2528 2938
p/150.png 1 0 0 2718 1742
p/149.png 1 0 0 2820 1980
p/148.png 1 0 0 2768 2878
p/147.png 1 0 0 1574 2632
p/146.png 1 0 0 2502 2938
p/145.png 1 0 0 1824 2754
p/144.png 1 0 0 2610 1530
p/143.png 1 0 0 2446 2936
p/142.png 1 0 0 2126 2870
p/141.png 1 0 0 2750 2888
p/140.png 1 0 0 2560 1440
p/139.png 1 0 0 2878 2768
p/138.png 1 0 0 2750 2888
p/137.png 1 0 0 2920 2326
p/136.png 1 0 0 2938 2528
p/135.png 1 0 0 2880 2162
p/134.png 1 0 0 2262 2908
p/133.png 1 0 0 2712 2904
p/132.png 1 0 0 2856 2800
p/131.png 1 0 0 2632 1574
p/130.png 1 0 0 2602 2932
p/129.png 1 0 0 2578 2936
p/128.png 1 0 0 2676 1658
p/127.png 1 0 0 2698 1700
p/126.png 1 0 0 2418 2934
p/125.png 1 0 0 2800 2856
p/124.png 1 0 0 2930 2388
p/123.png 1 0 0 2918 2670
p/122.png 1 0 0 1486 2586
p/121.png 1 0 0 2554 2938
p/120.png 1 0 0 2914 2296
p/119.png 1 0 0 2578 2936
p/118.png 1 0 0 2446 2936
p/117.png 1 0 0 2936 2578
p/116.png 1 0 0 2418 2934
p/115.png 1 0 0 2936 2578
p/114.png 1 0 0 2932 2602
p/113.png 1 0 0 2856 2800
p/112.png 1 0 0 2880 2162
p/111.png 1 0 0 2262 2908
p/110.png 1 0 0 2912 2692
p/109.png 1 0 0 2870 2126
p/108.png 1 0 0 2632 1574
p/107.png 1 0 0 2830 2830
p/106.png 1 0 0 1574 2632
p/105.png 1 0 0 2912 2692
p/104.png 1 0 0 2914 2296
p/103.png 1 0 0 2656 1616
p/102.png 1 0 0 2692 2912
p/101.png 1 0 0 2928 2626
p/100.png 1 0 0 1904 2788
p/99.png 1 0 0 2550 3046
p/98.png 1 0 0 3160 3004
p/97.png 1 0 0 3066 3144
p/96.png 1 0 0 2550 3046
p/95.png 1 0 0 2412 2978
p/94.png 1 0 0 3108 2702
p/93.png 1 0 0 2996 2448
p/92.png 1 0 0 3098 2674
p/91.png 1 0 0 2918 2302
p/90.png 1 0 0 3134 2786
p/89.png 1 0 0 2996 2448
p/88.png 1 0 0 2996 2448
p/87.png 1 0 0 3164 2966
p/86.png 1 0 0 3152 2860
p/85.png 1 0 0 2720 1978
p/84.png 1 0 0 3086 2644
p/83.png 1 0 0 3122 3102
p/82.png 1 0 0 2926 3162
p/81.png 1 0 0 2978 2412
p/80.png 1 0 0 3130 3090
p/79.png 1 0 0 3158 3020
p/78.png 1 0 0 2978 2412
p/77.png 1 0 0 2874 2226
p/76.png 1 0 0 2960 2376
p/75.png 1 0 0 2146 2826
p/74.png 1 0 0 3122 3102
p/73.png 1 0 0 2850 2186
p/72.png 1 0 0 2550 3046
p/71.png 1 0 0 3098 2674
p/70.png 1 0 0 2836 3148
p/69.png 1 0 0 3164 2966
p/68.png 1 0 0 3098 2674
p/67.png 1 0 0 2774 2062
p/66.png 1 0 0 3078 3138
p/65.png 1 0 0 2376 2960
p/64.png 1 0 0 2860 3152
p/63.png 1 0 0 3162 2986
p/62.png 1 0 0 2550 3046
p/61.png 1 0 0 2632 1846
p/60.png 1 0 0 2720 1978
p/59.png 1 0 0 3162 2986
p/58.png 1 0 0 2550 3046
p/57.png 1 0 0 3162 2986
p/56.png 1 0 0 3020 3158
p/55.png 1 0 0 3160 2906
p/54.png 1 0 0 3160 3004
p/53.png 1 0 0 2632 1846
p/52.png 1 0 0 2550 3046
p/51.png 1 0 0 3148 2836
p/50.png 1 0 0 2264 2896
p/49.png 1 0 0 2786 3134
p/48.png 1 0 0 2978 2412
p/47.png 1 0 0 3066 3144
p/46.png 1 0 0 2600 1800
p/45.png 1 0 0 2896 2264
p/44.png 1 0 0 2826 2146
p/43.png 1 0 0 1846 2632
p/42.png 1 0 0 3126 2758
p/41.png 1 0 0 2104 2800
p/40.png 1 0 0 3126 2758
p/39.png 1 0 0 3130 3090
p/38.png 1 0 0 3004 3160
p/37.png 1 0 0 2826 2146
p/36.png 1 0 0 2662 1890
p/35.png 1 0 0 3046 2550
p/34.png 1 0 0 2104 2800
p/33.png 1 0 0 1934 2692
p/32.png 1 0 0 2376 2960
p/31.png 1 0 0 3164 2966
p/30.png 1 0 0 2692 1934
p/29.png 1 0 0 2732 3118
p/28.png 1 0 0 2614 3074
p/27.png 1 0 0 2302 2918
p/26.png 1 0 0 3154 3036
p/25.png 1 0 0 3118 2732
p/24.png 1 0 0 3160 2906
p/23.png 1 0 0 3138 3078
p/22.png 1 0 0 2104 2800
p/21.png 1 0 0 3144 3066
p/20.png 1 0 0 3014 2482
p/19.png 1 0 0 1800 2600
p/18.png 1 0 0 3164 2966
p/17.png 1 0 0 3102 3122
p/16.png 1 0 0 2940 2340
p/15.png 1 0 0 2516 3030
p/14.png 1 0 0 2482 3014
p/13.png 1 0 0 3152 2860
p/12.png 1 0 0 2614 3074
p/11.png 1 0 0 2800 2104
p/10.png 1 0 0 2978 2412
p/9.png 1 0 0 3014 2482
p/8.png 1 0 0 3126 2758
p/7.png 1 0 0 3160 2906
p/6.png 1 0 0 3142 2810
p/5.png 1 0 0 3112 3112
p/4.png 1 0 0 3122 3102
p/3.png 1 0 0 2482 3014
p/2.png 1 0 0 2986 3162
p/1.png 1 0 0 3134 2786
p/0.png 1 0 0 1890 2662
p/20210802_172630.png 1 0 0 1440 2560
p/20210802_172617.png 1 0 0 1440 2560
p/20210802_172610.png 1 0 0 1440 2560
p/20210802_172605.png 1 0 0 1800 2600